2025-12-15 07:43:39.594 [restartedMain] INFO  me.paulschwarz.springdotenv.DotenvPropertySource - [] [] Initializing Dotenv with DotenvConfig{directory=null, filename=null, ignoreIfMalformed=false, ignoreIfMissing=true, systemProperties=false, prefix=null}
2025-12-15 07:43:39.683 [restartedMain] INFO  com.talent_tandem.TalentTandemApplication - [] [] Starting TalentTandemApplication using Java 17.0.12 with PID 11424 (C:\Users\SourabhYadav\Desktop\TalentTandem\talent-tandem-backend\target\classes started by SourabhYadav in C:\Users\SourabhYadav\Desktop\TalentTandem)
2025-12-15 07:43:39.698 [restartedMain] INFO  com.talent_tandem.TalentTandemApplication - [] [] No active profile set, falling back to 1 default profile: "default"
2025-12-15 07:43:39.972 [restartedMain] INFO  o.s.b.d.env.DevToolsPropertyDefaultsPostProcessor - [] [] Devtools property defaults active! Set 'spring.devtools.add-properties' to 'false' to disable
2025-12-15 07:43:39.975 [restartedMain] INFO  o.s.b.d.env.DevToolsPropertyDefaultsPostProcessor - [] [] For additional web related logging consider setting the 'logging.level.web' property to 'DEBUG'
2025-12-15 07:43:41.921 [restartedMain] INFO  o.s.core.io.support.PropertySourceProcessor - [] [] Properties location [file:.env] not resolvable: .env (The system cannot find the file specified)
2025-12-15 07:43:46.802 [restartedMain] INFO  o.s.d.r.config.RepositoryConfigurationDelegate - [] [] Bootstrapping Spring Data JPA repositories in DEFAULT mode.
2025-12-15 07:43:48.610 [restartedMain] INFO  o.s.d.r.config.RepositoryConfigurationDelegate - [] [] Finished Spring Data repository scanning in 1781 ms. Found 15 JPA repository interfaces.
2025-12-15 07:43:51.682 [restartedMain] INFO  o.s.boot.web.embedded.tomcat.TomcatWebServer - [] [] Tomcat initialized with port 8080 (http)
2025-12-15 07:43:51.901 [restartedMain] INFO  org.apache.catalina.core.StandardService - [] [] Starting service [Tomcat]
2025-12-15 07:43:51.910 [restartedMain] INFO  org.apache.catalina.core.StandardEngine - [] [] Starting Servlet engine: [Apache Tomcat/10.1.48]
2025-12-15 07:43:52.083 [restartedMain] INFO  o.a.c.core.ContainerBase.[Tomcat].[localhost].[/] - [] [] Initializing Spring embedded WebApplicationContext
2025-12-15 07:43:52.091 [restartedMain] INFO  o.s.b.w.s.c.ServletWebServerApplicationContext - [] [] Root WebApplicationContext: initialization completed in 12111 ms
2025-12-15 07:43:52.873 [restartedMain] INFO  org.hibernate.jpa.internal.util.LogHelper - [] [] HHH000204: Processing PersistenceUnitInfo [name: default]
2025-12-15 07:43:53.045 [restartedMain] INFO  org.hibernate.Version - [] [] HHH000412: Hibernate ORM core version 6.6.33.Final
2025-12-15 07:43:53.153 [restartedMain] INFO  o.hibernate.cache.internal.RegionFactoryInitiator - [] [] HHH000026: Second-level cache disabled
2025-12-15 07:43:53.949 [restartedMain] INFO  o.s.o.j.persistenceunit.SpringPersistenceUnitInfo - [] [] No LoadTimeWeaver setup: ignoring JPA class transformer
2025-12-15 07:43:54.024 [restartedMain] WARN  org.hibernate.orm.deprecation - [] [] HHH90000021: Encountered deprecated setting [hibernate.temp.use_jdbc_metadata_defaults], use [hibernate.boot.allow_jdbc_metadata_access] instead
2025-12-15 07:43:54.077 [restartedMain] WARN  org.hibernate.orm.deprecation - [] [] HHH90000025: PostgreSQLDialect does not need to be specified explicitly using 'hibernate.dialect' (remove the property setting and it will be selected by default)
2025-12-15 07:43:54.136 [restartedMain] INFO  org.hibernate.orm.connections.pooling - [] [] HHH10001005: Database info:
	Database JDBC URL [undefined/unknown]
	Database driver: undefined/unknown
	Database version: 12.0
	Autocommit mode: undefined/unknown
	Isolation level: <unknown>
	Minimum pool size: undefined/unknown
	Maximum pool size: undefined/unknown
2025-12-15 07:43:57.137 [restartedMain] INFO  o.h.e.t.jta.platform.internal.JtaPlatformInitiator - [] [] HHH000489: No JTA platform available (set 'hibernate.transaction.jta.platform' to enable JTA platform integration)
2025-12-15 07:43:57.183 [restartedMain] INFO  com.zaxxer.hikari.HikariDataSource - [] [] HikariPool-1 - Starting...
2025-12-15 07:44:02.240 [restartedMain] INFO  com.zaxxer.hikari.pool.HikariPool - [] [] HikariPool-1 - Added connection org.postgresql.jdbc.PgConnection@160ffd69
2025-12-15 07:44:02.242 [restartedMain] INFO  com.zaxxer.hikari.HikariDataSource - [] [] HikariPool-1 - Start completed.
2025-12-15 07:44:13.755 [restartedMain] INFO  o.s.orm.jpa.LocalContainerEntityManagerFactoryBean - [] [] Initialized JPA EntityManagerFactory for persistence unit 'default'
2025-12-15 07:44:14.423 [restartedMain] INFO  o.s.data.jpa.repository.query.QueryEnhancerFactory - [] [] Hibernate is in classpath; If applicable, HQL parser will be used.
2025-12-15 07:44:18.297 [restartedMain] INFO  o.s.s.c.a.a.c.InitializeAuthenticationProviderBeanManagerConfigurer$InitializeAuthenticationProviderManagerConfigurer - [] [] Global AuthenticationManager configured with AuthenticationProvider bean with name authenticationProvider
2025-12-15 07:44:18.300 [restartedMain] WARN  o.s.s.c.a.a.c.InitializeUserDetailsBeanManagerConfigurer$InitializeUserDetailsManagerConfigurer - [] [] Global AuthenticationManager configured with an AuthenticationProvider bean. UserDetailsService beans will not be used by Spring Security for automatically configuring username/password login. Consider removing the AuthenticationProvider bean. Alternatively, consider using the UserDetailsService in a manually instantiated DaoAuthenticationProvider. If the current configuration is intentional, to turn off this warning, increase the logging level of 'org.springframework.security.config.annotation.authentication.configuration.InitializeUserDetailsBeanManagerConfigurer' to ERROR
2025-12-15 07:44:20.498 [restartedMain] WARN  o.s.b.a.o.j.JpaBaseConfiguration$JpaWebConfiguration - [] [] spring.jpa.open-in-view is enabled by default. Therefore, database queries may be performed during view rendering. Explicitly configure spring.jpa.open-in-view to disable this warning
2025-12-15 07:44:22.906 [restartedMain] INFO  o.s.b.d.autoconfigure.OptionalLiveReloadServer - [] [] LiveReload server is running on port 35729
2025-12-15 07:44:23.004 [restartedMain] INFO  o.s.m.simp.broker.SimpleBrokerMessageHandler - [] [] Starting...
2025-12-15 07:44:23.009 [restartedMain] INFO  o.s.m.simp.broker.SimpleBrokerMessageHandler - [] [] BrokerAvailabilityEvent[available=true, SimpleBrokerMessageHandler [org.springframework.messaging.simp.broker.DefaultSubscriptionRegistry@424b97fe]]
2025-12-15 07:44:23.016 [restartedMain] INFO  o.s.m.simp.broker.SimpleBrokerMessageHandler - [] [] Started.
2025-12-15 07:44:23.103 [restartedMain] INFO  o.s.boot.web.embedded.tomcat.TomcatWebServer - [] [] Tomcat started on port 8080 (http) with context path '/'
2025-12-15 07:44:23.138 [restartedMain] INFO  com.talent_tandem.TalentTandemApplication - [] [] Started TalentTandemApplication in 45.287 seconds (process running for 46.993)
2025-12-15 07:44:23.467 [MessageBroker-1] DEBUG org.hibernate.SQL - [] [] select s1_0.session_id,s1_0.agenda,s1_0.cancellation_reason,s1_0.cancelled_by,s1_0.created_at,s1_0.duration_minutes,s1_0.learning_outcomes,s1_0.scheduled_time,s1_0.skill_id,s1_0.status,s1_0.updated_at from sessions s1_0 where s1_0.status='ACCEPTED' and s1_0.scheduled_time between ? and ?
2025-12-15 07:44:23.466 [MessageBroker-2] DEBUG org.hibernate.SQL - [] [] SELECT * FROM sessions WHERE status = 'LIVE' AND ? >= (scheduled_time + INTERVAL '1 minute' * duration_minutes)
2025-12-15 07:44:53.146 [MessageBroker-2] DEBUG org.hibernate.SQL - [] [] SELECT * FROM sessions WHERE status = 'LIVE' AND ? >= (scheduled_time + INTERVAL '1 minute' * duration_minutes)
2025-12-15 07:45:22.976 [MessageBroker-1] INFO  o.s.web.socket.config.WebSocketMessageBrokerStats - [] [] WebSocketSession[0 current WS(0)-HttpStream(0)-HttpPoll(0), 0 total, 0 closed abnormally (0 connect failure, 0 send limit, 0 transport error)], stompSubProtocol[processed CONNECT(0)-CONNECTED(0)-DISCONNECT(0)], stompBrokerRelay[null], inboundChannel[pool size = 0, active threads = 0, queued tasks = 0, completed tasks = 0], outboundChannel[pool size = 0, active threads = 0, queued tasks = 0, completed tasks = 0], sockJsScheduler[pool size = 4, active threads = 1, queued tasks = 2, completed tasks = 3]
2025-12-15 07:45:23.137 [MessageBroker-4] DEBUG org.hibernate.SQL - [] [] SELECT * FROM sessions WHERE status = 'LIVE' AND ? >= (scheduled_time + INTERVAL '1 minute' * duration_minutes)
2025-12-15 07:45:23.142 [MessageBroker-3] DEBUG org.hibernate.SQL - [] [] select s1_0.session_id,s1_0.agenda,s1_0.cancellation_reason,s1_0.cancelled_by,s1_0.created_at,s1_0.duration_minutes,s1_0.learning_outcomes,s1_0.scheduled_time,s1_0.skill_id,s1_0.status,s1_0.updated_at from sessions s1_0 where s1_0.status='ACCEPTED' and s1_0.scheduled_time between ? and ?
2025-12-15 07:45:53.134 [MessageBroker-4] DEBUG org.hibernate.SQL - [] [] SELECT * FROM sessions WHERE status = 'LIVE' AND ? >= (scheduled_time + INTERVAL '1 minute' * duration_minutes)
2025-12-15 07:46:23.133 [MessageBroker-1] DEBUG org.hibernate.SQL - [] [] SELECT * FROM sessions WHERE status = 'LIVE' AND ? >= (scheduled_time + INTERVAL '1 minute' * duration_minutes)
2025-12-15 07:46:23.135 [MessageBroker-3] DEBUG org.hibernate.SQL - [] [] select s1_0.session_id,s1_0.agenda,s1_0.cancellation_reason,s1_0.cancelled_by,s1_0.created_at,s1_0.duration_minutes,s1_0.learning_outcomes,s1_0.scheduled_time,s1_0.skill_id,s1_0.status,s1_0.updated_at from sessions s1_0 where s1_0.status='ACCEPTED' and s1_0.scheduled_time between ? and ?
2025-12-15 07:46:53.136 [MessageBroker-1] DEBUG org.hibernate.SQL - [] [] SELECT * FROM sessions WHERE status = 'LIVE' AND ? >= (scheduled_time + INTERVAL '1 minute' * duration_minutes)
2025-12-15 07:47:23.135 [MessageBroker-4] DEBUG org.hibernate.SQL - [] [] SELECT * FROM sessions WHERE status = 'LIVE' AND ? >= (scheduled_time + INTERVAL '1 minute' * duration_minutes)
2025-12-15 07:47:23.137 [MessageBroker-3] DEBUG org.hibernate.SQL - [] [] select s1_0.session_id,s1_0.agenda,s1_0.cancellation_reason,s1_0.cancelled_by,s1_0.created_at,s1_0.duration_minutes,s1_0.learning_outcomes,s1_0.scheduled_time,s1_0.skill_id,s1_0.status,s1_0.updated_at from sessions s1_0 where s1_0.status='ACCEPTED' and s1_0.scheduled_time between ? and ?
2025-12-15 07:47:53.144 [MessageBroker-4] DEBUG org.hibernate.SQL - [] [] SELECT * FROM sessions WHERE status = 'LIVE' AND ? >= (scheduled_time + INTERVAL '1 minute' * duration_minutes)
2025-12-15 07:48:23.136 [MessageBroker-1] DEBUG org.hibernate.SQL - [] [] SELECT * FROM sessions WHERE status = 'LIVE' AND ? >= (scheduled_time + INTERVAL '1 minute' * duration_minutes)
2025-12-15 07:48:23.137 [MessageBroker-3] DEBUG org.hibernate.SQL - [] [] select s1_0.session_id,s1_0.agenda,s1_0.cancellation_reason,s1_0.cancelled_by,s1_0.created_at,s1_0.duration_minutes,s1_0.learning_outcomes,s1_0.scheduled_time,s1_0.skill_id,s1_0.status,s1_0.updated_at from sessions s1_0 where s1_0.status='ACCEPTED' and s1_0.scheduled_time between ? and ?
2025-12-15 07:49:14.427 [MessageBroker-1] DEBUG org.hibernate.SQL - [] [] SELECT * FROM sessions WHERE status = 'LIVE' AND ? >= (scheduled_time + INTERVAL '1 minute' * duration_minutes)
2025-12-15 07:49:14.477 [MessageBroker-1] WARN  com.zaxxer.hikari.pool.PoolBase - [] [] HikariPool-1 - Failed to validate connection org.postgresql.jdbc.PgConnection@160ffd69 (This connection has been closed.). Possibly consider using a shorter maxLifetime value.
2025-12-15 07:49:14.490 [MessageBroker-1] WARN  com.zaxxer.hikari.pool.PoolBase - [] [] HikariPool-1 - Failed to validate connection org.postgresql.jdbc.PgConnection@691ac531 (This connection has been closed.). Possibly consider using a shorter maxLifetime value.
2025-12-15 07:49:14.505 [MessageBroker-1] WARN  com.zaxxer.hikari.pool.PoolBase - [] [] HikariPool-1 - Failed to validate connection org.postgresql.jdbc.PgConnection@22d9c37c (This connection has been closed.). Possibly consider using a shorter maxLifetime value.
2025-12-15 07:49:14.518 [MessageBroker-1] WARN  com.zaxxer.hikari.pool.PoolBase - [] [] HikariPool-1 - Failed to validate connection org.postgresql.jdbc.PgConnection@877f5c0 (This connection has been closed.). Possibly consider using a shorter maxLifetime value.
2025-12-15 07:49:14.524 [MessageBroker-1] WARN  com.zaxxer.hikari.pool.PoolBase - [] [] HikariPool-1 - Failed to validate connection org.postgresql.jdbc.PgConnection@4913f182 (This connection has been closed.). Possibly consider using a shorter maxLifetime value.
2025-12-15 07:49:14.533 [MessageBroker-1] WARN  com.zaxxer.hikari.pool.PoolBase - [] [] HikariPool-1 - Failed to validate connection org.postgresql.jdbc.PgConnection@769f96dc (This connection has been closed.). Possibly consider using a shorter maxLifetime value.
2025-12-15 07:49:19.337 [HikariPool-1:housekeeper] WARN  com.zaxxer.hikari.pool.HikariPool - [] [] HikariPool-1 - Thread starvation or clock leap detected (housekeeper delta=46s921ms406µs800ns).
2025-12-15 07:49:23.142 [MessageBroker-3] DEBUG org.hibernate.SQL - [] [] select s1_0.session_id,s1_0.agenda,s1_0.cancellation_reason,s1_0.cancelled_by,s1_0.created_at,s1_0.duration_minutes,s1_0.learning_outcomes,s1_0.scheduled_time,s1_0.skill_id,s1_0.status,s1_0.updated_at from sessions s1_0 where s1_0.status='ACCEPTED' and s1_0.scheduled_time between ? and ?
2025-12-15 07:49:23.142 [MessageBroker-4] DEBUG org.hibernate.SQL - [] [] SELECT * FROM sessions WHERE status = 'LIVE' AND ? >= (scheduled_time + INTERVAL '1 minute' * duration_minutes)
2025-12-15 07:49:53.147 [MessageBroker-4] DEBUG org.hibernate.SQL - [] [] SELECT * FROM sessions WHERE status = 'LIVE' AND ? >= (scheduled_time + INTERVAL '1 minute' * duration_minutes)
2025-12-15 07:50:23.142 [MessageBroker-1] DEBUG org.hibernate.SQL - [] [] SELECT * FROM sessions WHERE status = 'LIVE' AND ? >= (scheduled_time + INTERVAL '1 minute' * duration_minutes)
2025-12-15 07:50:23.142 [MessageBroker-3] DEBUG org.hibernate.SQL - [] [] select s1_0.session_id,s1_0.agenda,s1_0.cancellation_reason,s1_0.cancelled_by,s1_0.created_at,s1_0.duration_minutes,s1_0.learning_outcomes,s1_0.scheduled_time,s1_0.skill_id,s1_0.status,s1_0.updated_at from sessions s1_0 where s1_0.status='ACCEPTED' and s1_0.scheduled_time between ? and ?
2025-12-15 07:50:53.137 [MessageBroker-1] DEBUG org.hibernate.SQL - [] [] SELECT * FROM sessions WHERE status = 'LIVE' AND ? >= (scheduled_time + INTERVAL '1 minute' * duration_minutes)
2025-12-15 07:51:23.145 [MessageBroker-4] DEBUG org.hibernate.SQL - [] [] SELECT * FROM sessions WHERE status = 'LIVE' AND ? >= (scheduled_time + INTERVAL '1 minute' * duration_minutes)
2025-12-15 07:51:23.146 [MessageBroker-3] DEBUG org.hibernate.SQL - [] [] select s1_0.session_id,s1_0.agenda,s1_0.cancellation_reason,s1_0.cancelled_by,s1_0.created_at,s1_0.duration_minutes,s1_0.learning_outcomes,s1_0.scheduled_time,s1_0.skill_id,s1_0.status,s1_0.updated_at from sessions s1_0 where s1_0.status='ACCEPTED' and s1_0.scheduled_time between ? and ?
2025-12-15 07:51:53.142 [MessageBroker-4] DEBUG org.hibernate.SQL - [] [] SELECT * FROM sessions WHERE status = 'LIVE' AND ? >= (scheduled_time + INTERVAL '1 minute' * duration_minutes)
2025-12-15 07:52:23.136 [MessageBroker-1] DEBUG org.hibernate.SQL - [] [] SELECT * FROM sessions WHERE status = 'LIVE' AND ? >= (scheduled_time + INTERVAL '1 minute' * duration_minutes)
2025-12-15 07:52:23.137 [MessageBroker-3] DEBUG org.hibernate.SQL - [] [] select s1_0.session_id,s1_0.agenda,s1_0.cancellation_reason,s1_0.cancelled_by,s1_0.created_at,s1_0.duration_minutes,s1_0.learning_outcomes,s1_0.scheduled_time,s1_0.skill_id,s1_0.status,s1_0.updated_at from sessions s1_0 where s1_0.status='ACCEPTED' and s1_0.scheduled_time between ? and ?
2025-12-15 07:52:53.147 [MessageBroker-1] DEBUG org.hibernate.SQL - [] [] SELECT * FROM sessions WHERE status = 'LIVE' AND ? >= (scheduled_time + INTERVAL '1 minute' * duration_minutes)
2025-12-15 07:53:23.144 [MessageBroker-4] DEBUG org.hibernate.SQL - [] [] SELECT * FROM sessions WHERE status = 'LIVE' AND ? >= (scheduled_time + INTERVAL '1 minute' * duration_minutes)
2025-12-15 07:53:23.145 [MessageBroker-3] DEBUG org.hibernate.SQL - [] [] select s1_0.session_id,s1_0.agenda,s1_0.cancellation_reason,s1_0.cancelled_by,s1_0.created_at,s1_0.duration_minutes,s1_0.learning_outcomes,s1_0.scheduled_time,s1_0.skill_id,s1_0.status,s1_0.updated_at from sessions s1_0 where s1_0.status='ACCEPTED' and s1_0.scheduled_time between ? and ?
2025-12-15 07:53:53.134 [MessageBroker-4] DEBUG org.hibernate.SQL - [] [] SELECT * FROM sessions WHERE status = 'LIVE' AND ? >= (scheduled_time + INTERVAL '1 minute' * duration_minutes)
2025-12-15 07:54:23.147 [MessageBroker-1] DEBUG org.hibernate.SQL - [] [] SELECT * FROM sessions WHERE status = 'LIVE' AND ? >= (scheduled_time + INTERVAL '1 minute' * duration_minutes)
2025-12-15 07:54:23.147 [MessageBroker-3] DEBUG org.hibernate.SQL - [] [] select s1_0.session_id,s1_0.agenda,s1_0.cancellation_reason,s1_0.cancelled_by,s1_0.created_at,s1_0.duration_minutes,s1_0.learning_outcomes,s1_0.scheduled_time,s1_0.skill_id,s1_0.status,s1_0.updated_at from sessions s1_0 where s1_0.status='ACCEPTED' and s1_0.scheduled_time between ? and ?
2025-12-15 07:54:53.143 [MessageBroker-1] DEBUG org.hibernate.SQL - [] [] SELECT * FROM sessions WHERE status = 'LIVE' AND ? >= (scheduled_time + INTERVAL '1 minute' * duration_minutes)
2025-12-15 07:55:23.134 [MessageBroker-4] DEBUG org.hibernate.SQL - [] [] SELECT * FROM sessions WHERE status = 'LIVE' AND ? >= (scheduled_time + INTERVAL '1 minute' * duration_minutes)
2025-12-15 07:55:23.134 [MessageBroker-3] DEBUG org.hibernate.SQL - [] [] select s1_0.session_id,s1_0.agenda,s1_0.cancellation_reason,s1_0.cancelled_by,s1_0.created_at,s1_0.duration_minutes,s1_0.learning_outcomes,s1_0.scheduled_time,s1_0.skill_id,s1_0.status,s1_0.updated_at from sessions s1_0 where s1_0.status='ACCEPTED' and s1_0.scheduled_time between ? and ?
2025-12-15 07:55:53.147 [MessageBroker-4] DEBUG org.hibernate.SQL - [] [] SELECT * FROM sessions WHERE status = 'LIVE' AND ? >= (scheduled_time + INTERVAL '1 minute' * duration_minutes)
2025-12-15 07:56:23.137 [MessageBroker-1] DEBUG org.hibernate.SQL - [] [] SELECT * FROM sessions WHERE status = 'LIVE' AND ? >= (scheduled_time + INTERVAL '1 minute' * duration_minutes)
2025-12-15 07:56:23.137 [MessageBroker-3] DEBUG org.hibernate.SQL - [] [] select s1_0.session_id,s1_0.agenda,s1_0.cancellation_reason,s1_0.cancelled_by,s1_0.created_at,s1_0.duration_minutes,s1_0.learning_outcomes,s1_0.scheduled_time,s1_0.skill_id,s1_0.status,s1_0.updated_at from sessions s1_0 where s1_0.status='ACCEPTED' and s1_0.scheduled_time between ? and ?
2025-12-15 07:56:53.135 [MessageBroker-1] DEBUG org.hibernate.SQL - [] [] SELECT * FROM sessions WHERE status = 'LIVE' AND ? >= (scheduled_time + INTERVAL '1 minute' * duration_minutes)
2025-12-15 07:57:23.141 [MessageBroker-4] DEBUG org.hibernate.SQL - [] [] SELECT * FROM sessions WHERE status = 'LIVE' AND ? >= (scheduled_time + INTERVAL '1 minute' * duration_minutes)
2025-12-15 07:57:23.142 [MessageBroker-2] DEBUG org.hibernate.SQL - [] [] select s1_0.session_id,s1_0.agenda,s1_0.cancellation_reason,s1_0.cancelled_by,s1_0.created_at,s1_0.duration_minutes,s1_0.learning_outcomes,s1_0.scheduled_time,s1_0.skill_id,s1_0.status,s1_0.updated_at from sessions s1_0 where s1_0.status='ACCEPTED' and s1_0.scheduled_time between ? and ?
2025-12-15 07:57:53.135 [MessageBroker-4] DEBUG org.hibernate.SQL - [] [] SELECT * FROM sessions WHERE status = 'LIVE' AND ? >= (scheduled_time + INTERVAL '1 minute' * duration_minutes)
2025-12-15 07:58:23.147 [MessageBroker-1] DEBUG org.hibernate.SQL - [] [] SELECT * FROM sessions WHERE status = 'LIVE' AND ? >= (scheduled_time + INTERVAL '1 minute' * duration_minutes)
2025-12-15 07:58:23.149 [MessageBroker-2] DEBUG org.hibernate.SQL - [] [] select s1_0.session_id,s1_0.agenda,s1_0.cancellation_reason,s1_0.cancelled_by,s1_0.created_at,s1_0.duration_minutes,s1_0.learning_outcomes,s1_0.scheduled_time,s1_0.skill_id,s1_0.status,s1_0.updated_at from sessions s1_0 where s1_0.status='ACCEPTED' and s1_0.scheduled_time between ? and ?
2025-12-15 07:58:53.140 [MessageBroker-1] DEBUG org.hibernate.SQL - [] [] SELECT * FROM sessions WHERE status = 'LIVE' AND ? >= (scheduled_time + INTERVAL '1 minute' * duration_minutes)
2025-12-15 07:59:23.143 [MessageBroker-4] DEBUG org.hibernate.SQL - [] [] SELECT * FROM sessions WHERE status = 'LIVE' AND ? >= (scheduled_time + INTERVAL '1 minute' * duration_minutes)
2025-12-15 07:59:23.150 [MessageBroker-2] DEBUG org.hibernate.SQL - [] [] select s1_0.session_id,s1_0.agenda,s1_0.cancellation_reason,s1_0.cancelled_by,s1_0.created_at,s1_0.duration_minutes,s1_0.learning_outcomes,s1_0.scheduled_time,s1_0.skill_id,s1_0.status,s1_0.updated_at from sessions s1_0 where s1_0.status='ACCEPTED' and s1_0.scheduled_time between ? and ?
2025-12-15 07:59:53.137 [MessageBroker-4] DEBUG org.hibernate.SQL - [] [] SELECT * FROM sessions WHERE status = 'LIVE' AND ? >= (scheduled_time + INTERVAL '1 minute' * duration_minutes)
2025-12-15 08:00:23.148 [MessageBroker-1] DEBUG org.hibernate.SQL - [] [] SELECT * FROM sessions WHERE status = 'LIVE' AND ? >= (scheduled_time + INTERVAL '1 minute' * duration_minutes)
2025-12-15 08:00:23.148 [MessageBroker-2] DEBUG org.hibernate.SQL - [] [] select s1_0.session_id,s1_0.agenda,s1_0.cancellation_reason,s1_0.cancelled_by,s1_0.created_at,s1_0.duration_minutes,s1_0.learning_outcomes,s1_0.scheduled_time,s1_0.skill_id,s1_0.status,s1_0.updated_at from sessions s1_0 where s1_0.status='ACCEPTED' and s1_0.scheduled_time between ? and ?
2025-12-15 08:00:53.136 [MessageBroker-1] DEBUG org.hibernate.SQL - [] [] SELECT * FROM sessions WHERE status = 'LIVE' AND ? >= (scheduled_time + INTERVAL '1 minute' * duration_minutes)
2025-12-15 08:01:23.144 [MessageBroker-4] DEBUG org.hibernate.SQL - [] [] SELECT * FROM sessions WHERE status = 'LIVE' AND ? >= (scheduled_time + INTERVAL '1 minute' * duration_minutes)
2025-12-15 08:01:23.145 [MessageBroker-2] DEBUG org.hibernate.SQL - [] [] select s1_0.session_id,s1_0.agenda,s1_0.cancellation_reason,s1_0.cancelled_by,s1_0.created_at,s1_0.duration_minutes,s1_0.learning_outcomes,s1_0.scheduled_time,s1_0.skill_id,s1_0.status,s1_0.updated_at from sessions s1_0 where s1_0.status='ACCEPTED' and s1_0.scheduled_time between ? and ?
2025-12-15 08:01:53.146 [MessageBroker-4] DEBUG org.hibernate.SQL - [] [] SELECT * FROM sessions WHERE status = 'LIVE' AND ? >= (scheduled_time + INTERVAL '1 minute' * duration_minutes)
2025-12-15 08:02:23.135 [MessageBroker-1] DEBUG org.hibernate.SQL - [] [] SELECT * FROM sessions WHERE status = 'LIVE' AND ? >= (scheduled_time + INTERVAL '1 minute' * duration_minutes)
2025-12-15 08:02:23.136 [MessageBroker-2] DEBUG org.hibernate.SQL - [] [] select s1_0.session_id,s1_0.agenda,s1_0.cancellation_reason,s1_0.cancelled_by,s1_0.created_at,s1_0.duration_minutes,s1_0.learning_outcomes,s1_0.scheduled_time,s1_0.skill_id,s1_0.status,s1_0.updated_at from sessions s1_0 where s1_0.status='ACCEPTED' and s1_0.scheduled_time between ? and ?
2025-12-15 08:02:53.134 [MessageBroker-1] DEBUG org.hibernate.SQL - [] [] SELECT * FROM sessions WHERE status = 'LIVE' AND ? >= (scheduled_time + INTERVAL '1 minute' * duration_minutes)
2025-12-15 08:03:23.143 [MessageBroker-4] DEBUG org.hibernate.SQL - [] [] SELECT * FROM sessions WHERE status = 'LIVE' AND ? >= (scheduled_time + INTERVAL '1 minute' * duration_minutes)
2025-12-15 08:03:23.146 [MessageBroker-2] DEBUG org.hibernate.SQL - [] [] select s1_0.session_id,s1_0.agenda,s1_0.cancellation_reason,s1_0.cancelled_by,s1_0.created_at,s1_0.duration_minutes,s1_0.learning_outcomes,s1_0.scheduled_time,s1_0.skill_id,s1_0.status,s1_0.updated_at from sessions s1_0 where s1_0.status='ACCEPTED' and s1_0.scheduled_time between ? and ?
2025-12-15 08:03:53.141 [MessageBroker-4] DEBUG org.hibernate.SQL - [] [] SELECT * FROM sessions WHERE status = 'LIVE' AND ? >= (scheduled_time + INTERVAL '1 minute' * duration_minutes)
2025-12-15 08:04:23.140 [MessageBroker-1] DEBUG org.hibernate.SQL - [] [] SELECT * FROM sessions WHERE status = 'LIVE' AND ? >= (scheduled_time + INTERVAL '1 minute' * duration_minutes)
2025-12-15 08:04:23.140 [MessageBroker-2] DEBUG org.hibernate.SQL - [] [] select s1_0.session_id,s1_0.agenda,s1_0.cancellation_reason,s1_0.cancelled_by,s1_0.created_at,s1_0.duration_minutes,s1_0.learning_outcomes,s1_0.scheduled_time,s1_0.skill_id,s1_0.status,s1_0.updated_at from sessions s1_0 where s1_0.status='ACCEPTED' and s1_0.scheduled_time between ? and ?
2025-12-15 08:04:53.142 [MessageBroker-1] DEBUG org.hibernate.SQL - [] [] SELECT * FROM sessions WHERE status = 'LIVE' AND ? >= (scheduled_time + INTERVAL '1 minute' * duration_minutes)
2025-12-15 08:05:23.135 [MessageBroker-3] DEBUG org.hibernate.SQL - [] [] select s1_0.session_id,s1_0.agenda,s1_0.cancellation_reason,s1_0.cancelled_by,s1_0.created_at,s1_0.duration_minutes,s1_0.learning_outcomes,s1_0.scheduled_time,s1_0.skill_id,s1_0.status,s1_0.updated_at from sessions s1_0 where s1_0.status='ACCEPTED' and s1_0.scheduled_time between ? and ?
2025-12-15 08:05:23.141 [MessageBroker-2] DEBUG org.hibernate.SQL - [] [] SELECT * FROM sessions WHERE status = 'LIVE' AND ? >= (scheduled_time + INTERVAL '1 minute' * duration_minutes)
2025-12-15 08:05:53.133 [MessageBroker-2] DEBUG org.hibernate.SQL - [] [] SELECT * FROM sessions WHERE status = 'LIVE' AND ? >= (scheduled_time + INTERVAL '1 minute' * duration_minutes)
2025-12-15 08:06:23.134 [MessageBroker-1] DEBUG org.hibernate.SQL - [] [] SELECT * FROM sessions WHERE status = 'LIVE' AND ? >= (scheduled_time + INTERVAL '1 minute' * duration_minutes)
2025-12-15 08:06:23.134 [MessageBroker-3] DEBUG org.hibernate.SQL - [] [] select s1_0.session_id,s1_0.agenda,s1_0.cancellation_reason,s1_0.cancelled_by,s1_0.created_at,s1_0.duration_minutes,s1_0.learning_outcomes,s1_0.scheduled_time,s1_0.skill_id,s1_0.status,s1_0.updated_at from sessions s1_0 where s1_0.status='ACCEPTED' and s1_0.scheduled_time between ? and ?
2025-12-15 08:06:53.138 [MessageBroker-1] DEBUG org.hibernate.SQL - [] [] SELECT * FROM sessions WHERE status = 'LIVE' AND ? >= (scheduled_time + INTERVAL '1 minute' * duration_minutes)
2025-12-15 08:07:23.140 [MessageBroker-2] DEBUG org.hibernate.SQL - [] [] SELECT * FROM sessions WHERE status = 'LIVE' AND ? >= (scheduled_time + INTERVAL '1 minute' * duration_minutes)
2025-12-15 08:07:23.143 [MessageBroker-3] DEBUG org.hibernate.SQL - [] [] select s1_0.session_id,s1_0.agenda,s1_0.cancellation_reason,s1_0.cancelled_by,s1_0.created_at,s1_0.duration_minutes,s1_0.learning_outcomes,s1_0.scheduled_time,s1_0.skill_id,s1_0.status,s1_0.updated_at from sessions s1_0 where s1_0.status='ACCEPTED' and s1_0.scheduled_time between ? and ?
2025-12-15 08:07:53.134 [MessageBroker-2] DEBUG org.hibernate.SQL - [] [] SELECT * FROM sessions WHERE status = 'LIVE' AND ? >= (scheduled_time + INTERVAL '1 minute' * duration_minutes)
2025-12-15 08:08:23.170 [MessageBroker-1] DEBUG org.hibernate.SQL - [] [] SELECT * FROM sessions WHERE status = 'LIVE' AND ? >= (scheduled_time + INTERVAL '1 minute' * duration_minutes)
2025-12-15 08:08:23.233 [MessageBroker-4] DEBUG org.hibernate.SQL - [] [] select s1_0.session_id,s1_0.agenda,s1_0.cancellation_reason,s1_0.cancelled_by,s1_0.created_at,s1_0.duration_minutes,s1_0.learning_outcomes,s1_0.scheduled_time,s1_0.skill_id,s1_0.status,s1_0.updated_at from sessions s1_0 where s1_0.status='ACCEPTED' and s1_0.scheduled_time between ? and ?
2025-12-15 08:08:53.138 [MessageBroker-1] DEBUG org.hibernate.SQL - [] [] SELECT * FROM sessions WHERE status = 'LIVE' AND ? >= (scheduled_time + INTERVAL '1 minute' * duration_minutes)
2025-12-15 08:09:23.145 [MessageBroker-2] DEBUG org.hibernate.SQL - [] [] SELECT * FROM sessions WHERE status = 'LIVE' AND ? >= (scheduled_time + INTERVAL '1 minute' * duration_minutes)
2025-12-15 08:09:23.145 [MessageBroker-4] DEBUG org.hibernate.SQL - [] [] select s1_0.session_id,s1_0.agenda,s1_0.cancellation_reason,s1_0.cancelled_by,s1_0.created_at,s1_0.duration_minutes,s1_0.learning_outcomes,s1_0.scheduled_time,s1_0.skill_id,s1_0.status,s1_0.updated_at from sessions s1_0 where s1_0.status='ACCEPTED' and s1_0.scheduled_time between ? and ?
2025-12-15 08:09:53.138 [MessageBroker-2] DEBUG org.hibernate.SQL - [] [] SELECT * FROM sessions WHERE status = 'LIVE' AND ? >= (scheduled_time + INTERVAL '1 minute' * duration_minutes)
2025-12-15 08:10:23.144 [MessageBroker-1] DEBUG org.hibernate.SQL - [] [] SELECT * FROM sessions WHERE status = 'LIVE' AND ? >= (scheduled_time + INTERVAL '1 minute' * duration_minutes)
2025-12-15 08:10:23.144 [MessageBroker-4] DEBUG org.hibernate.SQL - [] [] select s1_0.session_id,s1_0.agenda,s1_0.cancellation_reason,s1_0.cancelled_by,s1_0.created_at,s1_0.duration_minutes,s1_0.learning_outcomes,s1_0.scheduled_time,s1_0.skill_id,s1_0.status,s1_0.updated_at from sessions s1_0 where s1_0.status='ACCEPTED' and s1_0.scheduled_time between ? and ?
2025-12-15 08:10:53.144 [MessageBroker-1] DEBUG org.hibernate.SQL - [] [] SELECT * FROM sessions WHERE status = 'LIVE' AND ? >= (scheduled_time + INTERVAL '1 minute' * duration_minutes)
2025-12-15 08:11:23.144 [MessageBroker-2] DEBUG org.hibernate.SQL - [] [] SELECT * FROM sessions WHERE status = 'LIVE' AND ? >= (scheduled_time + INTERVAL '1 minute' * duration_minutes)
2025-12-15 08:11:23.144 [MessageBroker-4] DEBUG org.hibernate.SQL - [] [] select s1_0.session_id,s1_0.agenda,s1_0.cancellation_reason,s1_0.cancelled_by,s1_0.created_at,s1_0.duration_minutes,s1_0.learning_outcomes,s1_0.scheduled_time,s1_0.skill_id,s1_0.status,s1_0.updated_at from sessions s1_0 where s1_0.status='ACCEPTED' and s1_0.scheduled_time between ? and ?
2025-12-15 08:11:53.145 [MessageBroker-2] DEBUG org.hibernate.SQL - [] [] SELECT * FROM sessions WHERE status = 'LIVE' AND ? >= (scheduled_time + INTERVAL '1 minute' * duration_minutes)
2025-12-15 08:12:23.141 [MessageBroker-4] DEBUG org.hibernate.SQL - [] [] select s1_0.session_id,s1_0.agenda,s1_0.cancellation_reason,s1_0.cancelled_by,s1_0.created_at,s1_0.duration_minutes,s1_0.learning_outcomes,s1_0.scheduled_time,s1_0.skill_id,s1_0.status,s1_0.updated_at from sessions s1_0 where s1_0.status='ACCEPTED' and s1_0.scheduled_time between ? and ?
2025-12-15 08:12:23.140 [MessageBroker-1] DEBUG org.hibernate.SQL - [] [] SELECT * FROM sessions WHERE status = 'LIVE' AND ? >= (scheduled_time + INTERVAL '1 minute' * duration_minutes)
